<?xml version="1.0" encoding="UTF-8"?>
<!-- Generated by org.testng.reporters.JUnitReportReporter -->
<testsuite hostname="Asus_Rocky" failures="0" tests="5" name="LearningTestNG.WorkingWithDependsOnMethods" time="0.008" errors="0" timestamp="2023-12-09T14:52:27 IST" skipped="0">
  <testcase classname="LearningTestNG.WorkingWithDependsOnMethods" name="login" time="0.001"/>
  <system-out/>
  <testcase classname="LearningTestNG.WorkingWithDependsOnMethods" name="login" time="0.001"/>
  <system-out/>
  <testcase classname="LearningTestNG.WorkingWithDependsOnMethods" name="login" time="0.005"/>
  <system-out/>
  <testcase classname="LearningTestNG.WorkingWithDependsOnMethods" name="login" time="0.001"/>
  <system-out/>
  <testcase classname="LearningTestNG.WorkingWithDependsOnMethods" name="login" time="0.000"/>
  <system-out/>
</testsuite> <!-- LearningTestNG.WorkingWithDependsOnMethods -->
