<?xml version="1.0" encoding="UTF-8"?>
<!-- Generated by org.testng.reporters.JUnitReportReporter -->
<testsuite hostname="Asus_Rocky" failures="0" tests="4" name="LearningTestNG.WorkingWithMultipleTestAnnonation" time="0.007" errors="0" timestamp="2023-12-09T14:37:12 IST" skipped="1">
  <testcase classname="LearningTestNG.WorkingWithMultipleTestAnnonation" name="register" time="0.005"/>
  <system-out/>
  <testcase classname="LearningTestNG.WorkingWithMultipleTestAnnonation" name="login" time="0.002"/>
  <system-out/>
  <testcase classname="LearningTestNG.WorkingWithMultipleTestAnnonation" name="placeOrder" time="0.000"/>
  <system-out/>
  <testcase classname="LearningTestNG.WorkingWithMultipleTestAnnonation" name="addToCart">
    <skipped/>
  </testcase> <!-- addToCart -->
  <system-out/>
</testsuite> <!-- LearningTestNG.WorkingWithMultipleTestAnnonation -->
