<?xml version="1.0" encoding="UTF-8"?>
<!-- Generated by org.testng.reporters.JUnitReportReporter -->
<testsuite hostname="Asus_Rocky" failures="0" tests="3" name="LearningTestNG.WorkingWithDataProvider" time="27.343" errors="0" timestamp="2023-12-10T15:06:54 IST" skipped="0">
  <testcase classname="LearningTestNG.WorkingWithDataProvider" name="testCase" time="10.325"/>
  <system-out/>
  <testcase classname="LearningTestNG.WorkingWithDataProvider" name="testCase" time="8.407"/>
  <system-out/>
  <testcase classname="LearningTestNG.WorkingWithDataProvider" name="testCase" time="8.611"/>
  <system-out/>
</testsuite> <!-- LearningTestNG.WorkingWithDataProvider -->
