<?xml version="1.0" encoding="UTF-8"?>
<!-- Generated by org.testng.reporters.JUnitReportReporter -->
<testsuite hostname="Asus_Rocky" failures="0" tests="1" name="LearningTestNG.WorkingWithTestAnnonation" time="0.007" errors="0" timestamp="2023-12-10T12:03:42 IST" skipped="0">
  <testcase classname="LearningTestNG.WorkingWithTestAnnonation" name="testCase" time="0.007"/>
  <system-out/>
</testsuite> <!-- LearningTestNG.WorkingWithTestAnnonation -->
