<?xml version="1.0" encoding="UTF-8"?>
<!-- Generated by org.testng.reporters.JUnitReportReporter -->
<testsuite hostname="Asus_Rocky" failures="0" tests="1" name="LearningTestNG.WorkingWithConfigueAnnotaion" time="0.004" errors="0" timestamp="2023-12-23T12:16:36 IST" skipped="0">
  <testcase classname="LearningTestNG.WorkingWithConfigueAnnotaion" name="testCase1" time="0.004"/>
  <system-out/>
</testsuite> <!-- LearningTestNG.WorkingWithConfigueAnnotaion -->
